# JRE version: OpenJDK Runtime Environment (8.0_171-b11) (build 1.8.0_171-8u171-b11-0ubuntu0.16.04.1-b11)
# Java VM: OpenJDK 64-Bit Server VM (25.171-b11 mixed mode linux-amd64 compressed oops)
Heap:
 PSYoungGen      total 104960K, used 37318K [0x00000000d6c00000, 0x00000000de900000, 0x0000000100000000)
  eden space 91136K, 26% used [0x00000000d6c00000,0x00000000d83559d8,0x00000000dc500000)
  from space 13824K, 97% used [0x00000000dc780000,0x00000000dd49bea8,0x00000000dd500000)
  to   space 18432K, 0% used [0x00000000dd700000,0x00000000dd700000,0x00000000de900000)
 ParOldGen       total 69632K, used 48337K [0x0000000084400000, 0x0000000088800000, 0x00000000d6c00000)
  object space 69632K, 69% used [0x0000000084400000,0x00000000873345f0,0x0000000088800000)
 Metaspace       used 28624K, capacity 29018K, committed 29440K, reserved 1075200K
  class space    used 3375K, capacity 3494K, committed 3584K, reserved 1048576K
GC Heap History (10 events):
Event: 2056.548 GC heap before
{Heap before GC invocations=30 (full 1):
 PSYoungGen      total 107008K, used 95969K [0x00000000d6c00000, 0x00000000de780000, 0x0000000100000000)
  eden space 90624K, 100% used [0x00000000d6c00000,0x00000000dc480000,0x00000000dc480000)
  from space 16384K, 32% used [0x00000000dd780000,0x00000000ddcb8470,0x00000000de780000)
  to   space 17920K, 0% used [0x00000000dc480000,0x00000000dc480000,0x00000000dd600000)
 ParOldGen       total 69632K, used 48337K [0x0000000084400000, 0x0000000088800000, 0x00000000d6c00000)
  object space 69632K, 69% used [0x0000000084400000,0x00000000873345f0,0x0000000088800000)
 Metaspace       used 28586K, capacity 28954K, committed 29184K, reserved 1075200K
  class space    used 3368K, capacity 3494K, committed 3584K, reserved 1048576K
Event: 2056.565 GC heap after
Heap after GC invocations=30 (full 1):
 PSYoungGen      total 108544K, used 6536K [0x00000000d6c00000, 0x00000000df180000, 0x0000000100000000)
  eden space 90624K, 0% used [0x00000000d6c00000,0x00000000d6c00000,0x00000000dc480000)
  from space 17920K, 36% used [0x00000000dc480000,0x00000000dcae23e8,0x00000000dd600000)
  to   space 17920K, 0% used [0x00000000de000000,0x00000000de000000,0x00000000df180000)
 ParOldGen       total 69632K, used 48337K [0x0000000084400000, 0x0000000088800000, 0x00000000d6c00000)
  object space 69632K, 69% used [0x0000000084400000,0x00000000873345f0,0x0000000088800000)
 Metaspace       used 28586K, capacity 28954K, committed 29184K, reserved 1075200K
  class space    used 3368K, capacity 3494K, committed 3584K, reserved 1048576K
}
Event: 2068.995 GC heap before
{Heap before GC invocations=31 (full 1):
 PSYoungGen      total 108544K, used 97160K [0x00000000d6c00000, 0x00000000df180000, 0x0000000100000000)
  eden space 90624K, 100% used [0x00000000d6c00000,0x00000000dc480000,0x00000000dc480000)
  from space 17920K, 36% used [0x00000000dc480000,0x00000000dcae23e8,0x00000000dd600000)
  to   space 17920K, 0% used [0x00000000de000000,0x00000000de000000,0x00000000df180000)
 ParOldGen       total 69632K, used 48337K [0x0000000084400000, 0x0000000088800000, 0x00000000d6c00000)
  object space 69632K, 69% used [0x0000000084400000,0x00000000873345f0,0x0000000088800000)
 Metaspace       used 28586K, capacity 28954K, committed 29184K, reserved 1075200K
  class space    used 3368K, capacity 3494K, committed 3584K, reserved 1048576K
Event: 2069.031 GC heap after
Heap after GC invocations=31 (full 1):
 PSYoungGen      total 115712K, used 7584K [0x00000000d6c00000, 0x00000000def80000, 0x0000000100000000)
  eden space 99840K, 0% used [0x00000000d6c00000,0x00000000d6c00000,0x00000000dcd80000)
  from space 15872K, 47% used [0x00000000de000000,0x00000000de768308,0x00000000def80000)
  to   space 17408K, 0% used [0x00000000dcd80000,0x00000000dcd80000,0x00000000dde80000)
 ParOldGen       total 69632K, used 48337K [0x0000000084400000, 0x0000000088800000, 0x00000000d6c00000)
  object space 69632K, 69% used [0x0000000084400000,0x00000000873345f0,0x0000000088800000)
 Metaspace       used 28586K, capacity 28954K, committed 29184K, reserved 1075200K
  class space    used 3368K, capacity 3494K, committed 3584K, reserved 1048576K
}
Event: 2074.704 GC heap before
{Heap before GC invocations=32 (full 1):
 PSYoungGen      total 115712K, used 107424K [0x00000000d6c00000, 0x00000000def80000, 0x0000000100000000)
  eden space 99840K, 100% used [0x00000000d6c00000,0x00000000dcd80000,0x00000000dcd80000)
  from space 15872K, 47% used [0x00000000de000000,0x00000000de768308,0x00000000def80000)
  to   space 17408K, 0% used [0x00000000dcd80000,0x00000000dcd80000,0x00000000dde80000)
 ParOldGen       total 69632K, used 48337K [0x0000000084400000, 0x0000000088800000, 0x00000000d6c00000)
  object space 69632K, 69% used [0x0000000084400000,0x00000000873345f0,0x0000000088800000)
 Metaspace       used 28586K, capacity 28954K, committed 29184K, reserved 1075200K
  class space    used 3368K, capacity 3494K, committed 3584K, reserved 1048576K
Event: 2074.724 GC heap after
Heap after GC invocations=32 (full 1):
 PSYoungGen      total 109056K, used 11842K [0x00000000d6c00000, 0x00000000dec80000, 0x0000000100000000)
  eden space 96768K, 0% used [0x00000000d6c00000,0x00000000d6c00000,0x00000000dca80000)
  from space 12288K, 96% used [0x00000000dcd80000,0x00000000dd9108a0,0x00000000dd980000)
  to   space 17408K, 0% used [0x00000000ddb80000,0x00000000ddb80000,0x00000000dec80000)
 ParOldGen       total 69632K, used 48337K [0x0000000084400000, 0x0000000088800000, 0x00000000d6c00000)
  object space 69632K, 69% used [0x0000000084400000,0x00000000873345f0,0x0000000088800000)
 Metaspace       used 28586K, capacity 28954K, committed 29184K, reserved 1075200K
  class space    used 3368K, capacity 3494K, committed 3584K, reserved 1048576K
}
Event: 2159.795 GC heap before
{Heap before GC invocations=33 (full 1):
 PSYoungGen      total 109056K, used 108610K [0x00000000d6c00000, 0x00000000dec80000, 0x0000000100000000)
  eden space 96768K, 100% used [0x00000000d6c00000,0x00000000dca80000,0x00000000dca80000)
  from space 12288K, 96% used [0x00000000dcd80000,0x00000000dd9108a0,0x00000000dd980000)
  to   space 17408K, 0% used [0x00000000ddb80000,0x00000000ddb80000,0x00000000dec80000)
 ParOldGen       total 69632K, used 48337K [0x0000000084400000, 0x0000000088800000, 0x00000000d6c00000)
  object space 69632K, 69% used [0x0000000084400000,0x00000000873345f0,0x0000000088800000)
 Metaspace       used 28586K, capacity 28954K, committed 29184K, reserved 1075200K
  class space    used 3368K, capacity 3494K, committed 3584K, reserved 1048576K
Event: 2159.806 GC heap after
Heap after GC invocations=33 (full 1):
 PSYoungGen      total 109056K, used 12617K [0x00000000d6c00000, 0x00000000dea80000, 0x0000000100000000)
  eden space 93696K, 0% used [0x00000000d6c00000,0x00000000d6c00000,0x00000000dc780000)
  from space 15360K, 82% used [0x00000000ddb80000,0x00000000de7d2508,0x00000000dea80000)
  to   space 17920K, 0% used [0x00000000dc780000,0x00000000dc780000,0x00000000dd900000)
 ParOldGen       total 69632K, used 48337K [0x0000000084400000, 0x0000000088800000, 0x00000000d6c00000)
  object space 69632K, 69% used [0x0000000084400000,0x00000000873345f0,0x0000000088800000)
 Metaspace       used 28586K, capacity 28954K, committed 29184K, reserved 1075200K
  class space    used 3368K, capacity 3494K, committed 3584K, reserved 1048576K
}
Event: 2221.595 GC heap before
{Heap before GC invocations=34 (full 1):
 PSYoungGen      total 109056K, used 106313K [0x00000000d6c00000, 0x00000000dea80000, 0x0000000100000000)
  eden space 93696K, 100% used [0x00000000d6c00000,0x00000000dc780000,0x00000000dc780000)
  from space 15360K, 82% used [0x00000000ddb80000,0x00000000de7d2508,0x00000000dea80000)
  to   space 17920K, 0% used [0x00000000dc780000,0x00000000dc780000,0x00000000dd900000)
 ParOldGen       total 69632K, used 48337K [0x0000000084400000, 0x0000000088800000, 0x00000000d6c00000)
  object space 69632K, 69% used [0x0000000084400000,0x00000000873345f0,0x0000000088800000)
 Metaspace       used 28586K, capacity 28954K, committed 29184K, reserved 1075200K
  class space    used 3368K, capacity 3494K, committed 3584K, reserved 1048576K
Event: 2221.664 GC heap after
Heap after GC invocations=34 (full 1):
 PSYoungGen      total 104960K, used 13423K [0x00000000d6c00000, 0x00000000de900000, 0x0000000100000000)
  eden space 91136K, 0% used [0x00000000d6c00000,0x00000000d6c00000,0x00000000dc500000)
  from space 13824K, 97% used [0x00000000dc780000,0x00000000dd49bea8,0x00000000dd500000)
  to   space 18432K, 0% used [0x00000000dd700000,0x00000000dd700000,0x00000000de900000)
 ParOldGen       total 69632K, used 48337K [0x0000000084400000, 0x0000000088800000, 0x00000000d6c00000)
  object space 69632K, 69% used [0x0000000084400000,0x00000000873345f0,0x0000000088800000)
 Metaspace       used 28586K, capacity 28954K, committed 29184K, reserved 1075200K
  class space    used 3368K, capacity 3494K, committed 3584K, reserved 1048576K
}

